CRITICAL - 2022-04-09 06:47:51 --> Invalid file: header.php
#0 C:\xampp\htdocs\cafeteria\system\View\View.php(198): CodeIgniter\Exceptions\FrameworkException::forInvalidFile('header.php')
#1 C:\xampp\htdocs\cafeteria\system\Common.php(1089): CodeIgniter\View\View->render('header', Array, true)
#2 C:\xampp\htdocs\cafeteria\app\Controllers\Home.php(9): view('header')
#3 C:\xampp\htdocs\cafeteria\system\CodeIgniter.php(832): App\Controllers\Home->index()
#4 C:\xampp\htdocs\cafeteria\system\CodeIgniter.php(419): CodeIgniter\CodeIgniter->runController(Object(App\Controllers\Home))
#5 C:\xampp\htdocs\cafeteria\system\CodeIgniter.php(326): CodeIgniter\CodeIgniter->handleRequest(NULL, Object(Config\Cache), false)
#6 C:\xampp\htdocs\cafeteria\public\index.php(37): CodeIgniter\CodeIgniter->run()
#7 {main}
CRITICAL - 2022-04-09 06:48:08 --> Invalid file: header.php
#0 C:\xampp\htdocs\cafeteria\system\View\View.php(198): CodeIgniter\Exceptions\FrameworkException::forInvalidFile('header.php')
#1 C:\xampp\htdocs\cafeteria\system\Common.php(1089): CodeIgniter\View\View->render('header', Array, true)
#2 C:\xampp\htdocs\cafeteria\app\Controllers\Home.php(9): view('header')
#3 C:\xampp\htdocs\cafeteria\system\CodeIgniter.php(832): App\Controllers\Home->index()
#4 C:\xampp\htdocs\cafeteria\system\CodeIgniter.php(419): CodeIgniter\CodeIgniter->runController(Object(App\Controllers\Home))
#5 C:\xampp\htdocs\cafeteria\system\CodeIgniter.php(326): CodeIgniter\CodeIgniter->handleRequest(NULL, Object(Config\Cache), false)
#6 C:\xampp\htdocs\cafeteria\public\index.php(37): CodeIgniter\CodeIgniter->run()
#7 {main}
CRITICAL - 2022-04-09 06:49:36 --> Invalid file: tables.php
#0 C:\xampp\htdocs\cafeteria\system\View\View.php(198): CodeIgniter\Exceptions\FrameworkException::forInvalidFile('tables.php')
#1 C:\xampp\htdocs\cafeteria\system\Common.php(1089): CodeIgniter\View\View->render('tables', Array, true)
#2 C:\xampp\htdocs\cafeteria\app\Controllers\Home.php(10): view('tables')
#3 C:\xampp\htdocs\cafeteria\system\CodeIgniter.php(832): App\Controllers\Home->index()
#4 C:\xampp\htdocs\cafeteria\system\CodeIgniter.php(419): CodeIgniter\CodeIgniter->runController(Object(App\Controllers\Home))
#5 C:\xampp\htdocs\cafeteria\system\CodeIgniter.php(326): CodeIgniter\CodeIgniter->handleRequest(NULL, Object(Config\Cache), false)
#6 C:\xampp\htdocs\cafeteria\public\index.php(37): CodeIgniter\CodeIgniter->run()
#7 {main}
CRITICAL - 2022-04-09 06:50:10 --> Invalid file: tables.php
#0 C:\xampp\htdocs\cafeteria\system\View\View.php(198): CodeIgniter\Exceptions\FrameworkException::forInvalidFile('tables.php')
#1 C:\xampp\htdocs\cafeteria\system\Common.php(1089): CodeIgniter\View\View->render('tables', Array, true)
#2 C:\xampp\htdocs\cafeteria\app\Controllers\Home.php(10): view('tables')
#3 C:\xampp\htdocs\cafeteria\system\CodeIgniter.php(832): App\Controllers\Home->index()
#4 C:\xampp\htdocs\cafeteria\system\CodeIgniter.php(419): CodeIgniter\CodeIgniter->runController(Object(App\Controllers\Home))
#5 C:\xampp\htdocs\cafeteria\system\CodeIgniter.php(326): CodeIgniter\CodeIgniter->handleRequest(NULL, Object(Config\Cache), false)
#6 C:\xampp\htdocs\cafeteria\public\index.php(37): CodeIgniter\CodeIgniter->run()
#7 {main}
CRITICAL - 2022-04-09 06:50:12 --> Invalid file: tables.php
#0 C:\xampp\htdocs\cafeteria\system\View\View.php(198): CodeIgniter\Exceptions\FrameworkException::forInvalidFile('tables.php')
#1 C:\xampp\htdocs\cafeteria\system\Common.php(1089): CodeIgniter\View\View->render('tables', Array, true)
#2 C:\xampp\htdocs\cafeteria\app\Controllers\Home.php(10): view('tables')
#3 C:\xampp\htdocs\cafeteria\system\CodeIgniter.php(832): App\Controllers\Home->index()
#4 C:\xampp\htdocs\cafeteria\system\CodeIgniter.php(419): CodeIgniter\CodeIgniter->runController(Object(App\Controllers\Home))
#5 C:\xampp\htdocs\cafeteria\system\CodeIgniter.php(326): CodeIgniter\CodeIgniter->handleRequest(NULL, Object(Config\Cache), false)
#6 C:\xampp\htdocs\cafeteria\public\index.php(37): CodeIgniter\CodeIgniter->run()
#7 {main}
CRITICAL - 2022-04-09 06:50:16 --> Invalid file: tables.php
#0 C:\xampp\htdocs\cafeteria\system\View\View.php(198): CodeIgniter\Exceptions\FrameworkException::forInvalidFile('tables.php')
#1 C:\xampp\htdocs\cafeteria\system\Common.php(1089): CodeIgniter\View\View->render('tables', Array, true)
#2 C:\xampp\htdocs\cafeteria\app\Controllers\Home.php(10): view('tables')
#3 C:\xampp\htdocs\cafeteria\system\CodeIgniter.php(832): App\Controllers\Home->index()
#4 C:\xampp\htdocs\cafeteria\system\CodeIgniter.php(419): CodeIgniter\CodeIgniter->runController(Object(App\Controllers\Home))
#5 C:\xampp\htdocs\cafeteria\system\CodeIgniter.php(326): CodeIgniter\CodeIgniter->handleRequest(NULL, Object(Config\Cache), false)
#6 C:\xampp\htdocs\cafeteria\public\index.php(37): CodeIgniter\CodeIgniter->run()
#7 {main}
CRITICAL - 2022-04-09 06:51:15 --> Invalid file: tables.php
#0 C:\xampp\htdocs\cafeteria\system\View\View.php(198): CodeIgniter\Exceptions\FrameworkException::forInvalidFile('tables.php')
#1 C:\xampp\htdocs\cafeteria\system\Common.php(1089): CodeIgniter\View\View->render('tables', Array, true)
#2 C:\xampp\htdocs\cafeteria\app\Controllers\Home.php(10): view('tables')
#3 C:\xampp\htdocs\cafeteria\system\CodeIgniter.php(832): App\Controllers\Home->index()
#4 C:\xampp\htdocs\cafeteria\system\CodeIgniter.php(419): CodeIgniter\CodeIgniter->runController(Object(App\Controllers\Home))
#5 C:\xampp\htdocs\cafeteria\system\CodeIgniter.php(326): CodeIgniter\CodeIgniter->handleRequest(NULL, Object(Config\Cache), false)
#6 C:\xampp\htdocs\cafeteria\public\index.php(37): CodeIgniter\CodeIgniter->run()
#7 {main}
CRITICAL - 2022-04-09 06:51:17 --> Invalid file: tables.php
#0 C:\xampp\htdocs\cafeteria\system\View\View.php(198): CodeIgniter\Exceptions\FrameworkException::forInvalidFile('tables.php')
#1 C:\xampp\htdocs\cafeteria\system\Common.php(1089): CodeIgniter\View\View->render('tables', Array, true)
#2 C:\xampp\htdocs\cafeteria\app\Controllers\Home.php(10): view('tables')
#3 C:\xampp\htdocs\cafeteria\system\CodeIgniter.php(832): App\Controllers\Home->index()
#4 C:\xampp\htdocs\cafeteria\system\CodeIgniter.php(419): CodeIgniter\CodeIgniter->runController(Object(App\Controllers\Home))
#5 C:\xampp\htdocs\cafeteria\system\CodeIgniter.php(326): CodeIgniter\CodeIgniter->handleRequest(NULL, Object(Config\Cache), false)
#6 C:\xampp\htdocs\cafeteria\public\index.php(37): CodeIgniter\CodeIgniter->run()
#7 {main}
CRITICAL - 2022-04-09 07:04:36 --> Invalid file: tables.php
#0 C:\xampp\htdocs\cafeteria\system\View\View.php(198): CodeIgniter\Exceptions\FrameworkException::forInvalidFile('tables.php')
#1 C:\xampp\htdocs\cafeteria\system\Common.php(1089): CodeIgniter\View\View->render('tables', Array, true)
#2 C:\xampp\htdocs\cafeteria\app\Controllers\Home.php(10): view('tables')
#3 C:\xampp\htdocs\cafeteria\system\CodeIgniter.php(832): App\Controllers\Home->index()
#4 C:\xampp\htdocs\cafeteria\system\CodeIgniter.php(419): CodeIgniter\CodeIgniter->runController(Object(App\Controllers\Home))
#5 C:\xampp\htdocs\cafeteria\system\CodeIgniter.php(326): CodeIgniter\CodeIgniter->handleRequest(NULL, Object(Config\Cache), false)
#6 C:\xampp\htdocs\cafeteria\public\index.php(37): CodeIgniter\CodeIgniter->run()
#7 {main}
CRITICAL - 2022-04-09 07:14:13 --> Invalid file: tables.php
#0 C:\xampp\htdocs\cafeteria\system\View\View.php(198): CodeIgniter\Exceptions\FrameworkException::forInvalidFile('tables.php')
#1 C:\xampp\htdocs\cafeteria\system\Common.php(1089): CodeIgniter\View\View->render('tables', Array, true)
#2 C:\xampp\htdocs\cafeteria\app\Controllers\Home.php(10): view('tables')
#3 C:\xampp\htdocs\cafeteria\system\CodeIgniter.php(832): App\Controllers\Home->index()
#4 C:\xampp\htdocs\cafeteria\system\CodeIgniter.php(419): CodeIgniter\CodeIgniter->runController(Object(App\Controllers\Home))
#5 C:\xampp\htdocs\cafeteria\system\CodeIgniter.php(326): CodeIgniter\CodeIgniter->handleRequest(NULL, Object(Config\Cache), false)
#6 C:\xampp\htdocs\cafeteria\public\index.php(37): CodeIgniter\CodeIgniter->run()
#7 {main}
CRITICAL - 2022-04-09 07:14:25 --> Invalid file: tables.php
#0 C:\xampp\htdocs\cafeteria\system\View\View.php(198): CodeIgniter\Exceptions\FrameworkException::forInvalidFile('tables.php')
#1 C:\xampp\htdocs\cafeteria\system\Common.php(1089): CodeIgniter\View\View->render('tables', Array, true)
#2 C:\xampp\htdocs\cafeteria\app\Controllers\Home.php(10): view('tables')
#3 C:\xampp\htdocs\cafeteria\system\CodeIgniter.php(832): App\Controllers\Home->index()
#4 C:\xampp\htdocs\cafeteria\system\CodeIgniter.php(419): CodeIgniter\CodeIgniter->runController(Object(App\Controllers\Home))
#5 C:\xampp\htdocs\cafeteria\system\CodeIgniter.php(326): CodeIgniter\CodeIgniter->handleRequest(NULL, Object(Config\Cache), false)
#6 C:\xampp\htdocs\cafeteria\public\index.php(37): CodeIgniter\CodeIgniter->run()
#7 {main}
CRITICAL - 2022-04-09 07:22:49 --> Invalid file: tables.php
#0 C:\xampp\htdocs\cafeteria\system\View\View.php(198): CodeIgniter\Exceptions\FrameworkException::forInvalidFile('tables.php')
#1 C:\xampp\htdocs\cafeteria\system\Common.php(1089): CodeIgniter\View\View->render('tables', Array, true)
#2 C:\xampp\htdocs\cafeteria\app\Controllers\Home.php(10): view('tables')
#3 C:\xampp\htdocs\cafeteria\system\CodeIgniter.php(832): App\Controllers\Home->index()
#4 C:\xampp\htdocs\cafeteria\system\CodeIgniter.php(419): CodeIgniter\CodeIgniter->runController(Object(App\Controllers\Home))
#5 C:\xampp\htdocs\cafeteria\system\CodeIgniter.php(326): CodeIgniter\CodeIgniter->handleRequest(NULL, Object(Config\Cache), false)
#6 C:\xampp\htdocs\cafeteria\public\index.php(37): CodeIgniter\CodeIgniter->run()
#7 {main}
CRITICAL - 2022-04-09 07:22:52 --> Invalid file: tables.php
#0 C:\xampp\htdocs\cafeteria\system\View\View.php(198): CodeIgniter\Exceptions\FrameworkException::forInvalidFile('tables.php')
#1 C:\xampp\htdocs\cafeteria\system\Common.php(1089): CodeIgniter\View\View->render('tables', Array, true)
#2 C:\xampp\htdocs\cafeteria\app\Controllers\Home.php(10): view('tables')
#3 C:\xampp\htdocs\cafeteria\system\CodeIgniter.php(832): App\Controllers\Home->index()
#4 C:\xampp\htdocs\cafeteria\system\CodeIgniter.php(419): CodeIgniter\CodeIgniter->runController(Object(App\Controllers\Home))
#5 C:\xampp\htdocs\cafeteria\system\CodeIgniter.php(326): CodeIgniter\CodeIgniter->handleRequest(NULL, Object(Config\Cache), false)
#6 C:\xampp\htdocs\cafeteria\public\index.php(37): CodeIgniter\CodeIgniter->run()
#7 {main}
CRITICAL - 2022-04-09 07:24:43 --> Invalid file: tables.php
#0 C:\xampp\htdocs\cafeteria\system\View\View.php(198): CodeIgniter\Exceptions\FrameworkException::forInvalidFile('tables.php')
#1 C:\xampp\htdocs\cafeteria\system\Common.php(1089): CodeIgniter\View\View->render('tables', Array, true)
#2 C:\xampp\htdocs\cafeteria\app\Controllers\Home.php(10): view('tables')
#3 C:\xampp\htdocs\cafeteria\system\CodeIgniter.php(832): App\Controllers\Home->index()
#4 C:\xampp\htdocs\cafeteria\system\CodeIgniter.php(419): CodeIgniter\CodeIgniter->runController(Object(App\Controllers\Home))
#5 C:\xampp\htdocs\cafeteria\system\CodeIgniter.php(326): CodeIgniter\CodeIgniter->handleRequest(NULL, Object(Config\Cache), false)
#6 C:\xampp\htdocs\cafeteria\public\index.php(37): CodeIgniter\CodeIgniter->run()
#7 {main}
CRITICAL - 2022-04-09 07:24:51 --> Invalid file: tables.php
#0 C:\xampp\htdocs\cafeteria\system\View\View.php(198): CodeIgniter\Exceptions\FrameworkException::forInvalidFile('tables.php')
#1 C:\xampp\htdocs\cafeteria\system\Common.php(1089): CodeIgniter\View\View->render('tables', Array, true)
#2 C:\xampp\htdocs\cafeteria\app\Controllers\Home.php(10): view('tables')
#3 C:\xampp\htdocs\cafeteria\system\CodeIgniter.php(832): App\Controllers\Home->index()
#4 C:\xampp\htdocs\cafeteria\system\CodeIgniter.php(419): CodeIgniter\CodeIgniter->runController(Object(App\Controllers\Home))
#5 C:\xampp\htdocs\cafeteria\system\CodeIgniter.php(326): CodeIgniter\CodeIgniter->handleRequest(NULL, Object(Config\Cache), false)
#6 C:\xampp\htdocs\cafeteria\public\index.php(37): CodeIgniter\CodeIgniter->run()
#7 {main}
CRITICAL - 2022-04-09 07:24:57 --> Invalid file: tables.php
#0 C:\xampp\htdocs\cafeteria\system\View\View.php(198): CodeIgniter\Exceptions\FrameworkException::forInvalidFile('tables.php')
#1 C:\xampp\htdocs\cafeteria\system\Common.php(1089): CodeIgniter\View\View->render('tables', Array, true)
#2 C:\xampp\htdocs\cafeteria\app\Controllers\Home.php(10): view('tables')
#3 C:\xampp\htdocs\cafeteria\system\CodeIgniter.php(832): App\Controllers\Home->index()
#4 C:\xampp\htdocs\cafeteria\system\CodeIgniter.php(419): CodeIgniter\CodeIgniter->runController(Object(App\Controllers\Home))
#5 C:\xampp\htdocs\cafeteria\system\CodeIgniter.php(326): CodeIgniter\CodeIgniter->handleRequest(NULL, Object(Config\Cache), false)
#6 C:\xampp\htdocs\cafeteria\public\index.php(37): CodeIgniter\CodeIgniter->run()
#7 {main}
CRITICAL - 2022-04-09 07:25:32 --> Invalid file: tables.php
#0 C:\xampp\htdocs\cafeteria\system\View\View.php(198): CodeIgniter\Exceptions\FrameworkException::forInvalidFile('tables.php')
#1 C:\xampp\htdocs\cafeteria\system\Common.php(1089): CodeIgniter\View\View->render('tables', Array, true)
#2 C:\xampp\htdocs\cafeteria\app\Controllers\Home.php(10): view('tables')
#3 C:\xampp\htdocs\cafeteria\system\CodeIgniter.php(832): App\Controllers\Home->index()
#4 C:\xampp\htdocs\cafeteria\system\CodeIgniter.php(419): CodeIgniter\CodeIgniter->runController(Object(App\Controllers\Home))
#5 C:\xampp\htdocs\cafeteria\system\CodeIgniter.php(326): CodeIgniter\CodeIgniter->handleRequest(NULL, Object(Config\Cache), false)
#6 C:\xampp\htdocs\cafeteria\public\index.php(37): CodeIgniter\CodeIgniter->run()
#7 {main}
CRITICAL - 2022-04-09 07:25:33 --> Invalid file: tables.php
#0 C:\xampp\htdocs\cafeteria\system\View\View.php(198): CodeIgniter\Exceptions\FrameworkException::forInvalidFile('tables.php')
#1 C:\xampp\htdocs\cafeteria\system\Common.php(1089): CodeIgniter\View\View->render('tables', Array, true)
#2 C:\xampp\htdocs\cafeteria\app\Controllers\Productos.php(40): view('tables', Array)
#3 C:\xampp\htdocs\cafeteria\system\CodeIgniter.php(832): App\Controllers\Productos->index()
#4 C:\xampp\htdocs\cafeteria\system\CodeIgniter.php(419): CodeIgniter\CodeIgniter->runController(Object(App\Controllers\Productos))
#5 C:\xampp\htdocs\cafeteria\system\CodeIgniter.php(326): CodeIgniter\CodeIgniter->handleRequest(NULL, Object(Config\Cache), false)
#6 C:\xampp\htdocs\cafeteria\public\index.php(37): CodeIgniter\CodeIgniter->run()
#7 {main}
CRITICAL - 2022-04-09 07:29:14 --> Undefined variable: unidades
#0 C:\xampp\htdocs\cafeteria\app\Views\productos\nuevo.php(36): CodeIgniter\Debug\Exceptions->errorHandler(8, 'Undefined varia...', 'C:\\xampp\\htdocs...', 36, Array)
#1 C:\xampp\htdocs\cafeteria\system\View\View.php(210): include('C:\\xampp\\htdocs...')
#2 C:\xampp\htdocs\cafeteria\system\View\View.php(213): CodeIgniter\View\View->CodeIgniter\View\{closure}()
#3 C:\xampp\htdocs\cafeteria\system\Common.php(1089): CodeIgniter\View\View->render('productos/nuevo', Array, true)
#4 C:\xampp\htdocs\cafeteria\app\Controllers\Productos.php(50): view('productos/nuevo', Array)
#5 C:\xampp\htdocs\cafeteria\system\CodeIgniter.php(832): App\Controllers\Productos->nuevo()
#6 C:\xampp\htdocs\cafeteria\system\CodeIgniter.php(419): CodeIgniter\CodeIgniter->runController(Object(App\Controllers\Productos))
#7 C:\xampp\htdocs\cafeteria\system\CodeIgniter.php(326): CodeIgniter\CodeIgniter->handleRequest(NULL, Object(Config\Cache), false)
#8 C:\xampp\htdocs\cafeteria\public\index.php(37): CodeIgniter\CodeIgniter->run()
#9 {main}
CRITICAL - 2022-04-09 07:33:28 --> Undefined variable: unidades
#0 C:\xampp\htdocs\cafeteria\app\Views\productos\nuevo.php(36): CodeIgniter\Debug\Exceptions->errorHandler(8, 'Undefined varia...', 'C:\\xampp\\htdocs...', 36, Array)
#1 C:\xampp\htdocs\cafeteria\system\View\View.php(210): include('C:\\xampp\\htdocs...')
#2 C:\xampp\htdocs\cafeteria\system\View\View.php(213): CodeIgniter\View\View->CodeIgniter\View\{closure}()
#3 C:\xampp\htdocs\cafeteria\system\Common.php(1089): CodeIgniter\View\View->render('productos/nuevo', Array, true)
#4 C:\xampp\htdocs\cafeteria\app\Controllers\Productos.php(50): view('productos/nuevo', Array)
#5 C:\xampp\htdocs\cafeteria\system\CodeIgniter.php(832): App\Controllers\Productos->nuevo()
#6 C:\xampp\htdocs\cafeteria\system\CodeIgniter.php(419): CodeIgniter\CodeIgniter->runController(Object(App\Controllers\Productos))
#7 C:\xampp\htdocs\cafeteria\system\CodeIgniter.php(326): CodeIgniter\CodeIgniter->handleRequest(NULL, Object(Config\Cache), false)
#8 C:\xampp\htdocs\cafeteria\public\index.php(37): CodeIgniter\CodeIgniter->run()
#9 {main}
CRITICAL - 2022-04-09 07:33:38 --> Undefined variable: categorias
#0 C:\xampp\htdocs\cafeteria\app\Views\productos\nuevo.php(41): CodeIgniter\Debug\Exceptions->errorHandler(8, 'Undefined varia...', 'C:\\xampp\\htdocs...', 41, Array)
#1 C:\xampp\htdocs\cafeteria\system\View\View.php(210): include('C:\\xampp\\htdocs...')
#2 C:\xampp\htdocs\cafeteria\system\View\View.php(213): CodeIgniter\View\View->CodeIgniter\View\{closure}()
#3 C:\xampp\htdocs\cafeteria\system\Common.php(1089): CodeIgniter\View\View->render('productos/nuevo', Array, true)
#4 C:\xampp\htdocs\cafeteria\app\Controllers\Productos.php(50): view('productos/nuevo', Array)
#5 C:\xampp\htdocs\cafeteria\system\CodeIgniter.php(832): App\Controllers\Productos->nuevo()
#6 C:\xampp\htdocs\cafeteria\system\CodeIgniter.php(419): CodeIgniter\CodeIgniter->runController(Object(App\Controllers\Productos))
#7 C:\xampp\htdocs\cafeteria\system\CodeIgniter.php(326): CodeIgniter\CodeIgniter->handleRequest(NULL, Object(Config\Cache), false)
#8 C:\xampp\htdocs\cafeteria\public\index.php(37): CodeIgniter\CodeIgniter->run()
#9 {main}
CRITICAL - 2022-04-09 07:48:40 --> is:unique is not a valid rule.
#0 C:\xampp\htdocs\cafeteria\system\Validation\Validation.php(300): CodeIgniter\Validation\Exceptions\ValidationException::forRuleNotFound('is:unique')
#1 C:\xampp\htdocs\cafeteria\system\Validation\Validation.php(157): CodeIgniter\Validation\Validation->processRules('codigo', 'codigo', '12345', Array, Array)
#2 C:\xampp\htdocs\cafeteria\system\Controller.php(160): CodeIgniter\Validation\Validation->run()
#3 C:\xampp\htdocs\cafeteria\app\Controllers\Productos.php(68): CodeIgniter\Controller->validate(Array)
#4 C:\xampp\htdocs\cafeteria\system\CodeIgniter.php(832): App\Controllers\Productos->insertar()
#5 C:\xampp\htdocs\cafeteria\system\CodeIgniter.php(419): CodeIgniter\CodeIgniter->runController(Object(App\Controllers\Productos))
#6 C:\xampp\htdocs\cafeteria\system\CodeIgniter.php(326): CodeIgniter\CodeIgniter->handleRequest(NULL, Object(Config\Cache), false)
#7 C:\xampp\htdocs\cafeteria\public\index.php(37): CodeIgniter\CodeIgniter->run()
#8 {main}
CRITICAL - 2022-04-09 07:54:04 --> Undefined index: codigo
#0 C:\xampp\htdocs\cafeteria\app\Views\productos\editar.php(18): CodeIgniter\Debug\Exceptions->errorHandler(8, 'Undefined index...', 'C:\\xampp\\htdocs...', 18, Array)
#1 C:\xampp\htdocs\cafeteria\system\View\View.php(210): include('C:\\xampp\\htdocs...')
#2 C:\xampp\htdocs\cafeteria\system\View\View.php(213): CodeIgniter\View\View->CodeIgniter\View\{closure}()
#3 C:\xampp\htdocs\cafeteria\system\Common.php(1089): CodeIgniter\View\View->render('productos/edita...', Array, true)
#4 C:\xampp\htdocs\cafeteria\app\Controllers\Productos.php(102): view('productos/edita...', Array)
#5 C:\xampp\htdocs\cafeteria\system\CodeIgniter.php(832): App\Controllers\Productos->editar('1')
#6 C:\xampp\htdocs\cafeteria\system\CodeIgniter.php(419): CodeIgniter\CodeIgniter->runController(Object(App\Controllers\Productos))
#7 C:\xampp\htdocs\cafeteria\system\CodeIgniter.php(326): CodeIgniter\CodeIgniter->handleRequest(NULL, Object(Config\Cache), false)
#8 C:\xampp\htdocs\cafeteria\public\index.php(37): CodeIgniter\CodeIgniter->run()
#9 {main}
CRITICAL - 2022-04-09 08:06:27 --> Undefined index: codigo
#0 C:\xampp\htdocs\cafeteria\app\Views\productos\editar.php(18): CodeIgniter\Debug\Exceptions->errorHandler(8, 'Undefined index...', 'C:\\xampp\\htdocs...', 18, Array)
#1 C:\xampp\htdocs\cafeteria\system\View\View.php(210): include('C:\\xampp\\htdocs...')
#2 C:\xampp\htdocs\cafeteria\system\View\View.php(213): CodeIgniter\View\View->CodeIgniter\View\{closure}()
#3 C:\xampp\htdocs\cafeteria\system\Common.php(1089): CodeIgniter\View\View->render('productos/edita...', Array, true)
#4 C:\xampp\htdocs\cafeteria\app\Controllers\Productos.php(103): view('productos/edita...', Array)
#5 C:\xampp\htdocs\cafeteria\system\CodeIgniter.php(832): App\Controllers\Productos->editar('1')
#6 C:\xampp\htdocs\cafeteria\system\CodeIgniter.php(419): CodeIgniter\CodeIgniter->runController(Object(App\Controllers\Productos))
#7 C:\xampp\htdocs\cafeteria\system\CodeIgniter.php(326): CodeIgniter\CodeIgniter->handleRequest(NULL, Object(Config\Cache), false)
#8 C:\xampp\htdocs\cafeteria\public\index.php(37): CodeIgniter\CodeIgniter->run()
#9 {main}
CRITICAL - 2022-04-09 08:13:33 --> is:unique is not a valid rule.
#0 C:\xampp\htdocs\cafeteria\system\Validation\Validation.php(300): CodeIgniter\Validation\Exceptions\ValidationException::forRuleNotFound('is:unique')
#1 C:\xampp\htdocs\cafeteria\system\Validation\Validation.php(157): CodeIgniter\Validation\Validation->processRules('codigo', 'codigo', '234567', Array, Array)
#2 C:\xampp\htdocs\cafeteria\system\Controller.php(160): CodeIgniter\Validation\Validation->run()
#3 C:\xampp\htdocs\cafeteria\app\Controllers\Productos.php(69): CodeIgniter\Controller->validate(Array)
#4 C:\xampp\htdocs\cafeteria\system\CodeIgniter.php(832): App\Controllers\Productos->insertar()
#5 C:\xampp\htdocs\cafeteria\system\CodeIgniter.php(419): CodeIgniter\CodeIgniter->runController(Object(App\Controllers\Productos))
#6 C:\xampp\htdocs\cafeteria\system\CodeIgniter.php(326): CodeIgniter\CodeIgniter->handleRequest(NULL, Object(Config\Cache), false)
#7 C:\xampp\htdocs\cafeteria\public\index.php(37): CodeIgniter\CodeIgniter->run()
#8 {main}
CRITICAL - 2022-04-09 08:15:45 --> is:unique is not a valid rule.
#0 C:\xampp\htdocs\cafeteria\system\Validation\Validation.php(300): CodeIgniter\Validation\Exceptions\ValidationException::forRuleNotFound('is:unique')
#1 C:\xampp\htdocs\cafeteria\system\Validation\Validation.php(157): CodeIgniter\Validation\Validation->processRules('codigo', 'codigo', '234567', Array, Array)
#2 C:\xampp\htdocs\cafeteria\system\Controller.php(160): CodeIgniter\Validation\Validation->run()
#3 C:\xampp\htdocs\cafeteria\app\Controllers\Productos.php(69): CodeIgniter\Controller->validate(Array)
#4 C:\xampp\htdocs\cafeteria\system\CodeIgniter.php(832): App\Controllers\Productos->insertar()
#5 C:\xampp\htdocs\cafeteria\system\CodeIgniter.php(419): CodeIgniter\CodeIgniter->runController(Object(App\Controllers\Productos))
#6 C:\xampp\htdocs\cafeteria\system\CodeIgniter.php(326): CodeIgniter\CodeIgniter->handleRequest(NULL, Object(Config\Cache), false)
#7 C:\xampp\htdocs\cafeteria\public\index.php(37): CodeIgniter\CodeIgniter->run()
#8 {main}
CRITICAL - 2022-04-09 08:16:20 --> is:unique is not a valid rule.
#0 C:\xampp\htdocs\cafeteria\system\Validation\Validation.php(300): CodeIgniter\Validation\Exceptions\ValidationException::forRuleNotFound('is:unique')
#1 C:\xampp\htdocs\cafeteria\system\Validation\Validation.php(157): CodeIgniter\Validation\Validation->processRules('codigo', 'codigo', '123', Array, Array)
#2 C:\xampp\htdocs\cafeteria\system\Controller.php(160): CodeIgniter\Validation\Validation->run()
#3 C:\xampp\htdocs\cafeteria\app\Controllers\Productos.php(69): CodeIgniter\Controller->validate(Array)
#4 C:\xampp\htdocs\cafeteria\system\CodeIgniter.php(832): App\Controllers\Productos->insertar()
#5 C:\xampp\htdocs\cafeteria\system\CodeIgniter.php(419): CodeIgniter\CodeIgniter->runController(Object(App\Controllers\Productos))
#6 C:\xampp\htdocs\cafeteria\system\CodeIgniter.php(326): CodeIgniter\CodeIgniter->handleRequest(NULL, Object(Config\Cache), false)
#7 C:\xampp\htdocs\cafeteria\public\index.php(37): CodeIgniter\CodeIgniter->run()
#8 {main}
CRITICAL - 2022-04-09 08:18:24 --> is:unique is not a valid rule.
#0 C:\xampp\htdocs\cafeteria\system\Validation\Validation.php(300): CodeIgniter\Validation\Exceptions\ValidationException::forRuleNotFound('is:unique')
#1 C:\xampp\htdocs\cafeteria\system\Validation\Validation.php(157): CodeIgniter\Validation\Validation->processRules('codigo', 'codigo', '123', Array, Array)
#2 C:\xampp\htdocs\cafeteria\system\Controller.php(160): CodeIgniter\Validation\Validation->run()
#3 C:\xampp\htdocs\cafeteria\app\Controllers\Productos.php(69): CodeIgniter\Controller->validate(Array)
#4 C:\xampp\htdocs\cafeteria\system\CodeIgniter.php(832): App\Controllers\Productos->insertar()
#5 C:\xampp\htdocs\cafeteria\system\CodeIgniter.php(419): CodeIgniter\CodeIgniter->runController(Object(App\Controllers\Productos))
#6 C:\xampp\htdocs\cafeteria\system\CodeIgniter.php(326): CodeIgniter\CodeIgniter->handleRequest(NULL, Object(Config\Cache), false)
#7 C:\xampp\htdocs\cafeteria\public\index.php(37): CodeIgniter\CodeIgniter->run()
#8 {main}
CRITICAL - 2022-04-09 08:18:51 --> is:unique is not a valid rule.
#0 C:\xampp\htdocs\cafeteria\system\Validation\Validation.php(300): CodeIgniter\Validation\Exceptions\ValidationException::forRuleNotFound('is:unique')
#1 C:\xampp\htdocs\cafeteria\system\Validation\Validation.php(157): CodeIgniter\Validation\Validation->processRules('codigo', 'codigo', '2345', Array, Array)
#2 C:\xampp\htdocs\cafeteria\system\Controller.php(160): CodeIgniter\Validation\Validation->run()
#3 C:\xampp\htdocs\cafeteria\app\Controllers\Productos.php(69): CodeIgniter\Controller->validate(Array)
#4 C:\xampp\htdocs\cafeteria\system\CodeIgniter.php(832): App\Controllers\Productos->insertar()
#5 C:\xampp\htdocs\cafeteria\system\CodeIgniter.php(419): CodeIgniter\CodeIgniter->runController(Object(App\Controllers\Productos))
#6 C:\xampp\htdocs\cafeteria\system\CodeIgniter.php(326): CodeIgniter\CodeIgniter->handleRequest(NULL, Object(Config\Cache), false)
#7 C:\xampp\htdocs\cafeteria\public\index.php(37): CodeIgniter\CodeIgniter->run()
#8 {main}
ERROR - 2022-04-09 08:24:56 --> Column 'estado' cannot be null
CRITICAL - 2022-04-09 08:24:56 --> Column 'estado' cannot be null
#0 C:\xampp\htdocs\cafeteria\system\Database\MySQLi\Connection.php(292): mysqli->query('INSERT INTO `pr...', 0)
#1 C:\xampp\htdocs\cafeteria\system\Database\BaseConnection.php(670): CodeIgniter\Database\MySQLi\Connection->execute('INSERT INTO `pr...')
#2 C:\xampp\htdocs\cafeteria\system\Database\BaseConnection.php(598): CodeIgniter\Database\BaseConnection->simpleQuery('INSERT INTO `pr...')
#3 C:\xampp\htdocs\cafeteria\system\Database\BaseBuilder.php(1771): CodeIgniter\Database\BaseConnection->query('INSERT INTO `pr...', Array, false)
#4 C:\xampp\htdocs\cafeteria\system\Model.php(239): CodeIgniter\Database\BaseBuilder->insert()
#5 C:\xampp\htdocs\cafeteria\system\BaseModel.php(738): CodeIgniter\Model->doInsert(Array)
#6 C:\xampp\htdocs\cafeteria\system\Model.php(625): CodeIgniter\BaseModel->insert(Array, false)
#7 C:\xampp\htdocs\cafeteria\system\BaseModel.php(658): CodeIgniter\Model->insert(Array, false)
#8 C:\xampp\htdocs\cafeteria\app\Controllers\Productos.php(79): CodeIgniter\BaseModel->save(Array)
#9 C:\xampp\htdocs\cafeteria\system\CodeIgniter.php(832): App\Controllers\Productos->insertar()
#10 C:\xampp\htdocs\cafeteria\system\CodeIgniter.php(419): CodeIgniter\CodeIgniter->runController(Object(App\Controllers\Productos))
#11 C:\xampp\htdocs\cafeteria\system\CodeIgniter.php(326): CodeIgniter\CodeIgniter->handleRequest(NULL, Object(Config\Cache), false)
#12 C:\xampp\htdocs\cafeteria\public\index.php(37): CodeIgniter\CodeIgniter->run()
#13 {main}
ERROR - 2022-04-09 08:25:32 --> Column 'estado' cannot be null
CRITICAL - 2022-04-09 08:25:32 --> Column 'estado' cannot be null
#0 C:\xampp\htdocs\cafeteria\system\Database\MySQLi\Connection.php(292): mysqli->query('INSERT INTO `pr...', 0)
#1 C:\xampp\htdocs\cafeteria\system\Database\BaseConnection.php(670): CodeIgniter\Database\MySQLi\Connection->execute('INSERT INTO `pr...')
#2 C:\xampp\htdocs\cafeteria\system\Database\BaseConnection.php(598): CodeIgniter\Database\BaseConnection->simpleQuery('INSERT INTO `pr...')
#3 C:\xampp\htdocs\cafeteria\system\Database\BaseBuilder.php(1771): CodeIgniter\Database\BaseConnection->query('INSERT INTO `pr...', Array, false)
#4 C:\xampp\htdocs\cafeteria\system\Model.php(239): CodeIgniter\Database\BaseBuilder->insert()
#5 C:\xampp\htdocs\cafeteria\system\BaseModel.php(738): CodeIgniter\Model->doInsert(Array)
#6 C:\xampp\htdocs\cafeteria\system\Model.php(625): CodeIgniter\BaseModel->insert(Array, false)
#7 C:\xampp\htdocs\cafeteria\system\BaseModel.php(658): CodeIgniter\Model->insert(Array, false)
#8 C:\xampp\htdocs\cafeteria\app\Controllers\Productos.php(79): CodeIgniter\BaseModel->save(Array)
#9 C:\xampp\htdocs\cafeteria\system\CodeIgniter.php(832): App\Controllers\Productos->insertar()
#10 C:\xampp\htdocs\cafeteria\system\CodeIgniter.php(419): CodeIgniter\CodeIgniter->runController(Object(App\Controllers\Productos))
#11 C:\xampp\htdocs\cafeteria\system\CodeIgniter.php(326): CodeIgniter\CodeIgniter->handleRequest(NULL, Object(Config\Cache), false)
#12 C:\xampp\htdocs\cafeteria\public\index.php(37): CodeIgniter\CodeIgniter->run()
#13 {main}
CRITICAL - 2022-04-09 08:33:12 --> syntax error, unexpected ';'
#0 C:\xampp\htdocs\cafeteria\system\Router\Router.php(175): CodeIgniter\Router\Router->autoRoute('productos/nuevo')
#1 C:\xampp\htdocs\cafeteria\system\CodeIgniter.php(726): CodeIgniter\Router\Router->handle('productos/nuevo')
#2 C:\xampp\htdocs\cafeteria\system\CodeIgniter.php(368): CodeIgniter\CodeIgniter->tryToRouteIt(Object(CodeIgniter\Router\RouteCollection))
#3 C:\xampp\htdocs\cafeteria\system\CodeIgniter.php(326): CodeIgniter\CodeIgniter->handleRequest(NULL, Object(Config\Cache), false)
#4 C:\xampp\htdocs\cafeteria\public\index.php(37): CodeIgniter\CodeIgniter->run()
#5 {main}
CRITICAL - 2022-04-09 08:39:31 --> is:unique is not a valid rule.
#0 C:\xampp\htdocs\cafeteria\system\Validation\Validation.php(300): CodeIgniter\Validation\Exceptions\ValidationException::forRuleNotFound('is:unique')
#1 C:\xampp\htdocs\cafeteria\system\Validation\Validation.php(157): CodeIgniter\Validation\Validation->processRules('referencia', 'referencia', '1234', Array, Array)
#2 C:\xampp\htdocs\cafeteria\system\Controller.php(160): CodeIgniter\Validation\Validation->run()
#3 C:\xampp\htdocs\cafeteria\app\Controllers\Productos.php(69): CodeIgniter\Controller->validate(Array)
#4 C:\xampp\htdocs\cafeteria\system\CodeIgniter.php(832): App\Controllers\Productos->insertar()
#5 C:\xampp\htdocs\cafeteria\system\CodeIgniter.php(419): CodeIgniter\CodeIgniter->runController(Object(App\Controllers\Productos))
#6 C:\xampp\htdocs\cafeteria\system\CodeIgniter.php(326): CodeIgniter\CodeIgniter->handleRequest(NULL, Object(Config\Cache), false)
#7 C:\xampp\htdocs\cafeteria\public\index.php(37): CodeIgniter\CodeIgniter->run()
#8 {main}
CRITICAL - 2022-04-09 08:42:04 --> is:unique is not a valid rule.
#0 C:\xampp\htdocs\cafeteria\system\Validation\Validation.php(300): CodeIgniter\Validation\Exceptions\ValidationException::forRuleNotFound('is:unique')
#1 C:\xampp\htdocs\cafeteria\system\Validation\Validation.php(157): CodeIgniter\Validation\Validation->processRules('referencia', 'referencia', '23456789', Array, Array)
#2 C:\xampp\htdocs\cafeteria\system\Controller.php(160): CodeIgniter\Validation\Validation->run()
#3 C:\xampp\htdocs\cafeteria\app\Controllers\Productos.php(69): CodeIgniter\Controller->validate(Array)
#4 C:\xampp\htdocs\cafeteria\system\CodeIgniter.php(832): App\Controllers\Productos->insertar()
#5 C:\xampp\htdocs\cafeteria\system\CodeIgniter.php(419): CodeIgniter\CodeIgniter->runController(Object(App\Controllers\Productos))
#6 C:\xampp\htdocs\cafeteria\system\CodeIgniter.php(326): CodeIgniter\CodeIgniter->handleRequest(NULL, Object(Config\Cache), false)
#7 C:\xampp\htdocs\cafeteria\public\index.php(37): CodeIgniter\CodeIgniter->run()
#8 {main}
CRITICAL - 2022-04-09 08:42:26 --> syntax error, unexpected ')'
#0 C:\xampp\htdocs\cafeteria\system\Router\Router.php(175): CodeIgniter\Router\Router->autoRoute('productos/nuevo')
#1 C:\xampp\htdocs\cafeteria\system\CodeIgniter.php(726): CodeIgniter\Router\Router->handle('productos/nuevo')
#2 C:\xampp\htdocs\cafeteria\system\CodeIgniter.php(368): CodeIgniter\CodeIgniter->tryToRouteIt(Object(CodeIgniter\Router\RouteCollection))
#3 C:\xampp\htdocs\cafeteria\system\CodeIgniter.php(326): CodeIgniter\CodeIgniter->handleRequest(NULL, Object(Config\Cache), false)
#4 C:\xampp\htdocs\cafeteria\public\index.php(37): CodeIgniter\CodeIgniter->run()
#5 {main}
CRITICAL - 2022-04-09 08:44:37 --> is:unique is not a valid rule.
#0 C:\xampp\htdocs\cafeteria\system\Validation\Validation.php(300): CodeIgniter\Validation\Exceptions\ValidationException::forRuleNotFound('is:unique')
#1 C:\xampp\htdocs\cafeteria\system\Validation\Validation.php(157): CodeIgniter\Validation\Validation->processRules('codigo', 'codigo', '123456', Array, Array)
#2 C:\xampp\htdocs\cafeteria\system\Controller.php(160): CodeIgniter\Validation\Validation->run()
#3 C:\xampp\htdocs\cafeteria\app\Controllers\Productos.php(69): CodeIgniter\Controller->validate(Array)
#4 C:\xampp\htdocs\cafeteria\system\CodeIgniter.php(832): App\Controllers\Productos->insertar()
#5 C:\xampp\htdocs\cafeteria\system\CodeIgniter.php(419): CodeIgniter\CodeIgniter->runController(Object(App\Controllers\Productos))
#6 C:\xampp\htdocs\cafeteria\system\CodeIgniter.php(326): CodeIgniter\CodeIgniter->handleRequest(NULL, Object(Config\Cache), false)
#7 C:\xampp\htdocs\cafeteria\public\index.php(37): CodeIgniter\CodeIgniter->run()
#8 {main}
CRITICAL - 2022-04-09 08:45:10 --> is:unique is not a valid rule.
#0 C:\xampp\htdocs\cafeteria\system\Validation\Validation.php(300): CodeIgniter\Validation\Exceptions\ValidationException::forRuleNotFound('is:unique')
#1 C:\xampp\htdocs\cafeteria\system\Validation\Validation.php(157): CodeIgniter\Validation\Validation->processRules('codigo', 'codigo', '123456', Array, Array)
#2 C:\xampp\htdocs\cafeteria\system\Controller.php(160): CodeIgniter\Validation\Validation->run()
#3 C:\xampp\htdocs\cafeteria\app\Controllers\Productos.php(69): CodeIgniter\Controller->validate(Array)
#4 C:\xampp\htdocs\cafeteria\system\CodeIgniter.php(832): App\Controllers\Productos->insertar()
#5 C:\xampp\htdocs\cafeteria\system\CodeIgniter.php(419): CodeIgniter\CodeIgniter->runController(Object(App\Controllers\Productos))
#6 C:\xampp\htdocs\cafeteria\system\CodeIgniter.php(326): CodeIgniter\CodeIgniter->handleRequest(NULL, Object(Config\Cache), false)
#7 C:\xampp\htdocs\cafeteria\public\index.php(37): CodeIgniter\CodeIgniter->run()
#8 {main}
CRITICAL - 2022-04-09 08:45:27 --> is:unique is not a valid rule.
#0 C:\xampp\htdocs\cafeteria\system\Validation\Validation.php(300): CodeIgniter\Validation\Exceptions\ValidationException::forRuleNotFound('is:unique')
#1 C:\xampp\htdocs\cafeteria\system\Validation\Validation.php(157): CodeIgniter\Validation\Validation->processRules('codigo', 'codigo', '2345678', Array, Array)
#2 C:\xampp\htdocs\cafeteria\system\Controller.php(160): CodeIgniter\Validation\Validation->run()
#3 C:\xampp\htdocs\cafeteria\app\Controllers\Productos.php(69): CodeIgniter\Controller->validate(Array)
#4 C:\xampp\htdocs\cafeteria\system\CodeIgniter.php(832): App\Controllers\Productos->insertar()
#5 C:\xampp\htdocs\cafeteria\system\CodeIgniter.php(419): CodeIgniter\CodeIgniter->runController(Object(App\Controllers\Productos))
#6 C:\xampp\htdocs\cafeteria\system\CodeIgniter.php(326): CodeIgniter\CodeIgniter->handleRequest(NULL, Object(Config\Cache), false)
#7 C:\xampp\htdocs\cafeteria\public\index.php(37): CodeIgniter\CodeIgniter->run()
#8 {main}
CRITICAL - 2022-04-09 09:07:16 --> Undefined index: codigo
#0 C:\xampp\htdocs\cafeteria\app\Views\productos\eliminados.php(31): CodeIgniter\Debug\Exceptions->errorHandler(8, 'Undefined index...', 'C:\\xampp\\htdocs...', 31, Array)
#1 C:\xampp\htdocs\cafeteria\system\View\View.php(210): include('C:\\xampp\\htdocs...')
#2 C:\xampp\htdocs\cafeteria\system\View\View.php(213): CodeIgniter\View\View->CodeIgniter\View\{closure}()
#3 C:\xampp\htdocs\cafeteria\system\Common.php(1089): CodeIgniter\View\View->render('productos/elimi...', Array, true)
#4 C:\xampp\htdocs\cafeteria\app\Controllers\Productos.php(135): view('productos/elimi...', Array)
#5 C:\xampp\htdocs\cafeteria\system\CodeIgniter.php(832): App\Controllers\Productos->eliminados()
#6 C:\xampp\htdocs\cafeteria\system\CodeIgniter.php(419): CodeIgniter\CodeIgniter->runController(Object(App\Controllers\Productos))
#7 C:\xampp\htdocs\cafeteria\system\CodeIgniter.php(326): CodeIgniter\CodeIgniter->handleRequest(NULL, Object(Config\Cache), false)
#8 C:\xampp\htdocs\cafeteria\public\index.php(37): CodeIgniter\CodeIgniter->run()
#9 {main}
CRITICAL - 2022-04-09 10:34:49 --> Call to a member function where() on null
#0 C:\xampp\htdocs\cafeteria\system\CodeIgniter.php(832): App\Controllers\Compras->index()
#1 C:\xampp\htdocs\cafeteria\system\CodeIgniter.php(419): CodeIgniter\CodeIgniter->runController(Object(App\Controllers\Compras))
#2 C:\xampp\htdocs\cafeteria\system\CodeIgniter.php(326): CodeIgniter\CodeIgniter->handleRequest(NULL, Object(Config\Cache), false)
#3 C:\xampp\htdocs\cafeteria\public\index.php(37): CodeIgniter\CodeIgniter->run()
#4 {main}
CRITICAL - 2022-04-09 10:35:20 --> Invalid file: compras/compras.php
#0 C:\xampp\htdocs\cafeteria\system\View\View.php(198): CodeIgniter\Exceptions\FrameworkException::forInvalidFile('compras/compras...')
#1 C:\xampp\htdocs\cafeteria\system\Common.php(1089): CodeIgniter\View\View->render('compras/compras', Array, true)
#2 C:\xampp\htdocs\cafeteria\app\Controllers\Compras.php(23): view('compras/compras')
#3 C:\xampp\htdocs\cafeteria\system\CodeIgniter.php(832): App\Controllers\Compras->index()
#4 C:\xampp\htdocs\cafeteria\system\CodeIgniter.php(419): CodeIgniter\CodeIgniter->runController(Object(App\Controllers\Compras))
#5 C:\xampp\htdocs\cafeteria\system\CodeIgniter.php(326): CodeIgniter\CodeIgniter->handleRequest(NULL, Object(Config\Cache), false)
#6 C:\xampp\htdocs\cafeteria\public\index.php(37): CodeIgniter\CodeIgniter->run()
#7 {main}
CRITICAL - 2022-04-09 10:35:59 --> Call to a member function where() on null
#0 C:\xampp\htdocs\cafeteria\system\CodeIgniter.php(832): App\Controllers\Compras->index()
#1 C:\xampp\htdocs\cafeteria\system\CodeIgniter.php(419): CodeIgniter\CodeIgniter->runController(Object(App\Controllers\Compras))
#2 C:\xampp\htdocs\cafeteria\system\CodeIgniter.php(326): CodeIgniter\CodeIgniter->handleRequest(NULL, Object(Config\Cache), false)
#3 C:\xampp\htdocs\cafeteria\public\index.php(37): CodeIgniter\CodeIgniter->run()
#4 {main}
CRITICAL - 2022-04-09 10:36:23 --> Call to a member function where() on null
#0 C:\xampp\htdocs\cafeteria\system\CodeIgniter.php(832): App\Controllers\Compras->index()
#1 C:\xampp\htdocs\cafeteria\system\CodeIgniter.php(419): CodeIgniter\CodeIgniter->runController(Object(App\Controllers\Compras))
#2 C:\xampp\htdocs\cafeteria\system\CodeIgniter.php(326): CodeIgniter\CodeIgniter->handleRequest(NULL, Object(Config\Cache), false)
#3 C:\xampp\htdocs\cafeteria\public\index.php(37): CodeIgniter\CodeIgniter->run()
#4 {main}
CRITICAL - 2022-04-09 14:48:52 --> syntax error, unexpected 'else' (T_ELSE)
#0 C:\xampp\htdocs\cafeteria\system\Router\Router.php(175): CodeIgniter\Router\Router->autoRoute('Temporalcompra/...')
#1 C:\xampp\htdocs\cafeteria\system\CodeIgniter.php(726): CodeIgniter\Router\Router->handle('Temporalcompra/...')
#2 C:\xampp\htdocs\cafeteria\system\CodeIgniter.php(368): CodeIgniter\CodeIgniter->tryToRouteIt(Object(CodeIgniter\Router\RouteCollection))
#3 C:\xampp\htdocs\cafeteria\system\CodeIgniter.php(326): CodeIgniter\CodeIgniter->handleRequest(NULL, Object(Config\Cache), false)
#4 C:\xampp\htdocs\cafeteria\public\index.php(37): CodeIgniter\CodeIgniter->run()
#5 {main}
CRITICAL - 2022-04-09 14:50:00 --> syntax error, unexpected 'else' (T_ELSE)
#0 C:\xampp\htdocs\cafeteria\system\Router\Router.php(175): CodeIgniter\Router\Router->autoRoute('Temporalcompra/...')
#1 C:\xampp\htdocs\cafeteria\system\CodeIgniter.php(726): CodeIgniter\Router\Router->handle('Temporalcompra/...')
#2 C:\xampp\htdocs\cafeteria\system\CodeIgniter.php(368): CodeIgniter\CodeIgniter->tryToRouteIt(Object(CodeIgniter\Router\RouteCollection))
#3 C:\xampp\htdocs\cafeteria\system\CodeIgniter.php(326): CodeIgniter\CodeIgniter->handleRequest(NULL, Object(Config\Cache), false)
#4 C:\xampp\htdocs\cafeteria\public\index.php(37): CodeIgniter\CodeIgniter->run()
#5 {main}
CRITICAL - 2022-04-09 14:50:32 --> syntax error, unexpected 'else' (T_ELSE)
#0 C:\xampp\htdocs\cafeteria\system\Router\Router.php(175): CodeIgniter\Router\Router->autoRoute('Temporalcompra/...')
#1 C:\xampp\htdocs\cafeteria\system\CodeIgniter.php(726): CodeIgniter\Router\Router->handle('Temporalcompra/...')
#2 C:\xampp\htdocs\cafeteria\system\CodeIgniter.php(368): CodeIgniter\CodeIgniter->tryToRouteIt(Object(CodeIgniter\Router\RouteCollection))
#3 C:\xampp\htdocs\cafeteria\system\CodeIgniter.php(326): CodeIgniter\CodeIgniter->handleRequest(NULL, Object(Config\Cache), false)
#4 C:\xampp\htdocs\cafeteria\public\index.php(37): CodeIgniter\CodeIgniter->run()
#5 {main}
CRITICAL - 2022-04-09 14:53:38 --> syntax error, unexpected 'else' (T_ELSE)
#0 C:\xampp\htdocs\cafeteria\system\Router\Router.php(175): CodeIgniter\Router\Router->autoRoute('Temporalcompra/...')
#1 C:\xampp\htdocs\cafeteria\system\CodeIgniter.php(726): CodeIgniter\Router\Router->handle('Temporalcompra/...')
#2 C:\xampp\htdocs\cafeteria\system\CodeIgniter.php(368): CodeIgniter\CodeIgniter->tryToRouteIt(Object(CodeIgniter\Router\RouteCollection))
#3 C:\xampp\htdocs\cafeteria\system\CodeIgniter.php(326): CodeIgniter\CodeIgniter->handleRequest(NULL, Object(Config\Cache), false)
#4 C:\xampp\htdocs\cafeteria\public\index.php(37): CodeIgniter\CodeIgniter->run()
#5 {main}
CRITICAL - 2022-04-09 14:55:26 --> syntax error, unexpected 'else' (T_ELSE)
#0 C:\xampp\htdocs\cafeteria\system\Router\Router.php(175): CodeIgniter\Router\Router->autoRoute('Temporalcompra/...')
#1 C:\xampp\htdocs\cafeteria\system\CodeIgniter.php(726): CodeIgniter\Router\Router->handle('Temporalcompra/...')
#2 C:\xampp\htdocs\cafeteria\system\CodeIgniter.php(368): CodeIgniter\CodeIgniter->tryToRouteIt(Object(CodeIgniter\Router\RouteCollection))
#3 C:\xampp\htdocs\cafeteria\system\CodeIgniter.php(326): CodeIgniter\CodeIgniter->handleRequest(NULL, Object(Config\Cache), false)
#4 C:\xampp\htdocs\cafeteria\public\index.php(37): CodeIgniter\CodeIgniter->run()
#5 {main}
CRITICAL - 2022-04-09 15:05:05 --> Invalid file: tables.php
#0 C:\xampp\htdocs\cafeteria\system\View\View.php(198): CodeIgniter\Exceptions\FrameworkException::forInvalidFile('tables.php')
#1 C:\xampp\htdocs\cafeteria\system\Common.php(1089): CodeIgniter\View\View->render('tables', Array, true)
#2 C:\xampp\htdocs\cafeteria\app\Controllers\Home.php(10): view('tables')
#3 C:\xampp\htdocs\cafeteria\system\CodeIgniter.php(832): App\Controllers\Home->index()
#4 C:\xampp\htdocs\cafeteria\system\CodeIgniter.php(419): CodeIgniter\CodeIgniter->runController(Object(App\Controllers\Home))
#5 C:\xampp\htdocs\cafeteria\system\CodeIgniter.php(326): CodeIgniter\CodeIgniter->handleRequest(NULL, Object(Config\Cache), false)
#6 C:\xampp\htdocs\cafeteria\public\index.php(37): CodeIgniter\CodeIgniter->run()
#7 {main}
CRITICAL - 2022-04-09 15:07:31 --> syntax error, unexpected 'else' (T_ELSE)
#0 C:\xampp\htdocs\cafeteria\system\Router\Router.php(175): CodeIgniter\Router\Router->autoRoute('Temporalcompra/...')
#1 C:\xampp\htdocs\cafeteria\system\CodeIgniter.php(726): CodeIgniter\Router\Router->handle('Temporalcompra/...')
#2 C:\xampp\htdocs\cafeteria\system\CodeIgniter.php(368): CodeIgniter\CodeIgniter->tryToRouteIt(Object(CodeIgniter\Router\RouteCollection))
#3 C:\xampp\htdocs\cafeteria\system\CodeIgniter.php(326): CodeIgniter\CodeIgniter->handleRequest(NULL, Object(Config\Cache), false)
#4 C:\xampp\htdocs\cafeteria\public\index.php(37): CodeIgniter\CodeIgniter->run()
#5 {main}
CRITICAL - 2022-04-09 15:47:09 --> Too few arguments to function App\Models\TemporalModel::porCompra(), 1 passed in C:\xampp\htdocs\cafeteria\app\Controllers\Temporalcompra.php on line 67 and exactly 2 expected
#0 C:\xampp\htdocs\cafeteria\app\Controllers\Temporalcompra.php(67): App\Models\TemporalModel->porCompra('6251f0c7cac11')
#1 C:\xampp\htdocs\cafeteria\app\Controllers\Temporalcompra.php(58): App\Controllers\Temporalcompra->cargarProductos('6251f0c7cac11')
#2 C:\xampp\htdocs\cafeteria\system\CodeIgniter.php(832): App\Controllers\Temporalcompra->insertar('2', '1', '6251f0c7cac11')
#3 C:\xampp\htdocs\cafeteria\system\CodeIgniter.php(419): CodeIgniter\CodeIgniter->runController(Object(App\Controllers\Temporalcompra))
#4 C:\xampp\htdocs\cafeteria\system\CodeIgniter.php(326): CodeIgniter\CodeIgniter->handleRequest(NULL, Object(Config\Cache), false)
#5 C:\xampp\htdocs\cafeteria\public\index.php(37): CodeIgniter\CodeIgniter->run()
#6 {main}
CRITICAL - 2022-04-09 15:47:23 --> Object of class stdClass could not be converted to string
#0 C:\xampp\htdocs\cafeteria\system\CodeIgniter.php(832): App\Controllers\Temporalcompra->insertar('2', 2, '6251f0c7cac11')
#1 C:\xampp\htdocs\cafeteria\system\CodeIgniter.php(419): CodeIgniter\CodeIgniter->runController(Object(App\Controllers\Temporalcompra))
#2 C:\xampp\htdocs\cafeteria\system\CodeIgniter.php(326): CodeIgniter\CodeIgniter->handleRequest(NULL, Object(Config\Cache), false)
#3 C:\xampp\htdocs\cafeteria\public\index.php(37): CodeIgniter\CodeIgniter->run()
#4 {main}
CRITICAL - 2022-04-09 15:51:19 --> Too few arguments to function App\Models\TemporalModel::porCompra(), 1 passed in C:\xampp\htdocs\cafeteria\app\Controllers\Temporalcompra.php on line 67 and exactly 2 expected
#0 C:\xampp\htdocs\cafeteria\app\Controllers\Temporalcompra.php(67): App\Models\TemporalModel->porCompra('6251f1b5ecaa3')
#1 C:\xampp\htdocs\cafeteria\app\Controllers\Temporalcompra.php(58): App\Controllers\Temporalcompra->cargarProductos('6251f1b5ecaa3')
#2 C:\xampp\htdocs\cafeteria\system\CodeIgniter.php(832): App\Controllers\Temporalcompra->insertar('2', '1', '6251f1b5ecaa3')
#3 C:\xampp\htdocs\cafeteria\system\CodeIgniter.php(419): CodeIgniter\CodeIgniter->runController(Object(App\Controllers\Temporalcompra))
#4 C:\xampp\htdocs\cafeteria\system\CodeIgniter.php(326): CodeIgniter\CodeIgniter->handleRequest(NULL, Object(Config\Cache), false)
#5 C:\xampp\htdocs\cafeteria\public\index.php(37): CodeIgniter\CodeIgniter->run()
#6 {main}
CRITICAL - 2022-04-09 15:54:49 --> Too few arguments to function App\Models\TemporalModel::porCompra(), 1 passed in C:\xampp\htdocs\cafeteria\app\Controllers\Temporalcompra.php on line 67 and exactly 2 expected
#0 C:\xampp\htdocs\cafeteria\app\Controllers\Temporalcompra.php(67): App\Models\TemporalModel->porCompra('6251f2921c3f3')
#1 C:\xampp\htdocs\cafeteria\app\Controllers\Temporalcompra.php(58): App\Controllers\Temporalcompra->cargarProductos('6251f2921c3f3')
#2 C:\xampp\htdocs\cafeteria\system\CodeIgniter.php(832): App\Controllers\Temporalcompra->insertar('2', '1', '6251f2921c3f3')
#3 C:\xampp\htdocs\cafeteria\system\CodeIgniter.php(419): CodeIgniter\CodeIgniter->runController(Object(App\Controllers\Temporalcompra))
#4 C:\xampp\htdocs\cafeteria\system\CodeIgniter.php(326): CodeIgniter\CodeIgniter->handleRequest(NULL, Object(Config\Cache), false)
#5 C:\xampp\htdocs\cafeteria\public\index.php(37): CodeIgniter\CodeIgniter->run()
#6 {main}
CRITICAL - 2022-04-09 15:54:52 --> Object of class stdClass could not be converted to string
#0 C:\xampp\htdocs\cafeteria\system\CodeIgniter.php(832): App\Controllers\Temporalcompra->insertar('2', 2, '6251f2921c3f3')
#1 C:\xampp\htdocs\cafeteria\system\CodeIgniter.php(419): CodeIgniter\CodeIgniter->runController(Object(App\Controllers\Temporalcompra))
#2 C:\xampp\htdocs\cafeteria\system\CodeIgniter.php(326): CodeIgniter\CodeIgniter->handleRequest(NULL, Object(Config\Cache), false)
#3 C:\xampp\htdocs\cafeteria\public\index.php(37): CodeIgniter\CodeIgniter->run()
#4 {main}
CRITICAL - 2022-04-09 15:56:37 --> Object of class stdClass could not be converted to string
#0 C:\xampp\htdocs\cafeteria\system\CodeIgniter.php(832): App\Controllers\Temporalcompra->insertar('2', 5, '6251f2921c3f3')
#1 C:\xampp\htdocs\cafeteria\system\CodeIgniter.php(419): CodeIgniter\CodeIgniter->runController(Object(App\Controllers\Temporalcompra))
#2 C:\xampp\htdocs\cafeteria\system\CodeIgniter.php(326): CodeIgniter\CodeIgniter->handleRequest(NULL, Object(Config\Cache), false)
#3 C:\xampp\htdocs\cafeteria\public\index.php(37): CodeIgniter\CodeIgniter->run()
#4 {main}
CRITICAL - 2022-04-09 15:56:40 --> Object of class stdClass could not be converted to string
#0 C:\xampp\htdocs\cafeteria\system\CodeIgniter.php(832): App\Controllers\Temporalcompra->insertar('2', 5, '6251f2921c3f3')
#1 C:\xampp\htdocs\cafeteria\system\CodeIgniter.php(419): CodeIgniter\CodeIgniter->runController(Object(App\Controllers\Temporalcompra))
#2 C:\xampp\htdocs\cafeteria\system\CodeIgniter.php(326): CodeIgniter\CodeIgniter->handleRequest(NULL, Object(Config\Cache), false)
#3 C:\xampp\htdocs\cafeteria\public\index.php(37): CodeIgniter\CodeIgniter->run()
#4 {main}
CRITICAL - 2022-04-09 15:57:09 --> Too few arguments to function App\Models\TemporalModel::porCompra(), 1 passed in C:\xampp\htdocs\cafeteria\app\Controllers\Temporalcompra.php on line 65 and exactly 2 expected
#0 C:\xampp\htdocs\cafeteria\app\Controllers\Temporalcompra.php(65): App\Models\TemporalModel->porCompra('6251f31be8048')
#1 C:\xampp\htdocs\cafeteria\app\Controllers\Temporalcompra.php(56): App\Controllers\Temporalcompra->cargarProductos('6251f31be8048')
#2 C:\xampp\htdocs\cafeteria\system\CodeIgniter.php(832): App\Controllers\Temporalcompra->insertar('2', '4', '6251f31be8048')
#3 C:\xampp\htdocs\cafeteria\system\CodeIgniter.php(419): CodeIgniter\CodeIgniter->runController(Object(App\Controllers\Temporalcompra))
#4 C:\xampp\htdocs\cafeteria\system\CodeIgniter.php(326): CodeIgniter\CodeIgniter->handleRequest(NULL, Object(Config\Cache), false)
#5 C:\xampp\htdocs\cafeteria\public\index.php(37): CodeIgniter\CodeIgniter->run()
#6 {main}
CRITICAL - 2022-04-09 15:57:11 --> Object of class stdClass could not be converted to string
#0 C:\xampp\htdocs\cafeteria\system\CodeIgniter.php(832): App\Controllers\Temporalcompra->insertar('2', 8, '6251f31be8048')
#1 C:\xampp\htdocs\cafeteria\system\CodeIgniter.php(419): CodeIgniter\CodeIgniter->runController(Object(App\Controllers\Temporalcompra))
#2 C:\xampp\htdocs\cafeteria\system\CodeIgniter.php(326): CodeIgniter\CodeIgniter->handleRequest(NULL, Object(Config\Cache), false)
#3 C:\xampp\htdocs\cafeteria\public\index.php(37): CodeIgniter\CodeIgniter->run()
#4 {main}
CRITICAL - 2022-04-09 15:57:11 --> Object of class stdClass could not be converted to string
#0 C:\xampp\htdocs\cafeteria\system\CodeIgniter.php(832): App\Controllers\Temporalcompra->insertar('2', 8, '6251f31be8048')
#1 C:\xampp\htdocs\cafeteria\system\CodeIgniter.php(419): CodeIgniter\CodeIgniter->runController(Object(App\Controllers\Temporalcompra))
#2 C:\xampp\htdocs\cafeteria\system\CodeIgniter.php(326): CodeIgniter\CodeIgniter->handleRequest(NULL, Object(Config\Cache), false)
#3 C:\xampp\htdocs\cafeteria\public\index.php(37): CodeIgniter\CodeIgniter->run()
#4 {main}
CRITICAL - 2022-04-09 15:57:11 --> Object of class stdClass could not be converted to string
#0 C:\xampp\htdocs\cafeteria\system\CodeIgniter.php(832): App\Controllers\Temporalcompra->insertar('2', 8, '6251f31be8048')
#1 C:\xampp\htdocs\cafeteria\system\CodeIgniter.php(419): CodeIgniter\CodeIgniter->runController(Object(App\Controllers\Temporalcompra))
#2 C:\xampp\htdocs\cafeteria\system\CodeIgniter.php(326): CodeIgniter\CodeIgniter->handleRequest(NULL, Object(Config\Cache), false)
#3 C:\xampp\htdocs\cafeteria\public\index.php(37): CodeIgniter\CodeIgniter->run()
#4 {main}
CRITICAL - 2022-04-09 15:57:14 --> Object of class stdClass could not be converted to string
#0 C:\xampp\htdocs\cafeteria\system\CodeIgniter.php(832): App\Controllers\Temporalcompra->insertar('2', 8, '6251f31be8048')
#1 C:\xampp\htdocs\cafeteria\system\CodeIgniter.php(419): CodeIgniter\CodeIgniter->runController(Object(App\Controllers\Temporalcompra))
#2 C:\xampp\htdocs\cafeteria\system\CodeIgniter.php(326): CodeIgniter\CodeIgniter->handleRequest(NULL, Object(Config\Cache), false)
#3 C:\xampp\htdocs\cafeteria\public\index.php(37): CodeIgniter\CodeIgniter->run()
#4 {main}
CRITICAL - 2022-04-09 15:57:14 --> Object of class stdClass could not be converted to string
#0 C:\xampp\htdocs\cafeteria\system\CodeIgniter.php(832): App\Controllers\Temporalcompra->insertar('2', 8, '6251f31be8048')
#1 C:\xampp\htdocs\cafeteria\system\CodeIgniter.php(419): CodeIgniter\CodeIgniter->runController(Object(App\Controllers\Temporalcompra))
#2 C:\xampp\htdocs\cafeteria\system\CodeIgniter.php(326): CodeIgniter\CodeIgniter->handleRequest(NULL, Object(Config\Cache), false)
#3 C:\xampp\htdocs\cafeteria\public\index.php(37): CodeIgniter\CodeIgniter->run()
#4 {main}
CRITICAL - 2022-04-09 16:01:50 --> Too few arguments to function App\Models\TemporalModel::porCompra(), 1 passed in C:\xampp\htdocs\cafeteria\app\Controllers\Temporalcompra.php on line 65 and exactly 2 expected
#0 C:\xampp\htdocs\cafeteria\app\Controllers\Temporalcompra.php(65): App\Models\TemporalModel->porCompra('6251f435ba840')
#1 C:\xampp\htdocs\cafeteria\app\Controllers\Temporalcompra.php(56): App\Controllers\Temporalcompra->cargarProductos('6251f435ba840')
#2 C:\xampp\htdocs\cafeteria\system\CodeIgniter.php(832): App\Controllers\Temporalcompra->insertar('1', '1', '6251f435ba840')
#3 C:\xampp\htdocs\cafeteria\system\CodeIgniter.php(419): CodeIgniter\CodeIgniter->runController(Object(App\Controllers\Temporalcompra))
#4 C:\xampp\htdocs\cafeteria\system\CodeIgniter.php(326): CodeIgniter\CodeIgniter->handleRequest(NULL, Object(Config\Cache), false)
#5 C:\xampp\htdocs\cafeteria\public\index.php(37): CodeIgniter\CodeIgniter->run()
#6 {main}
CRITICAL - 2022-04-09 16:04:03 --> Too few arguments to function App\Models\TemporalModel::porCompra(), 1 passed in C:\xampp\htdocs\cafeteria\app\Controllers\Temporalcompra.php on line 65 and exactly 2 expected
#0 C:\xampp\htdocs\cafeteria\app\Controllers\Temporalcompra.php(65): App\Models\TemporalModel->porCompra('6251f4ba50247')
#1 C:\xampp\htdocs\cafeteria\app\Controllers\Temporalcompra.php(56): App\Controllers\Temporalcompra->cargarProductos('6251f4ba50247')
#2 C:\xampp\htdocs\cafeteria\system\CodeIgniter.php(832): App\Controllers\Temporalcompra->insertar('1', '1', '6251f4ba50247')
#3 C:\xampp\htdocs\cafeteria\system\CodeIgniter.php(419): CodeIgniter\CodeIgniter->runController(Object(App\Controllers\Temporalcompra))
#4 C:\xampp\htdocs\cafeteria\system\CodeIgniter.php(326): CodeIgniter\CodeIgniter->handleRequest(NULL, Object(Config\Cache), false)
#5 C:\xampp\htdocs\cafeteria\public\index.php(37): CodeIgniter\CodeIgniter->run()
#6 {main}
CRITICAL - 2022-04-09 16:07:38 --> Undefined variable: resultado
#0 C:\xampp\htdocs\cafeteria\app\Controllers\Temporalcompra.php(70): CodeIgniter\Debug\Exceptions->errorHandler(8, 'Undefined varia...', 'C:\\xampp\\htdocs...', 70, Array)
#1 C:\xampp\htdocs\cafeteria\app\Controllers\Temporalcompra.php(56): App\Controllers\Temporalcompra->cargarProductos('6251f591654a0')
#2 C:\xampp\htdocs\cafeteria\system\CodeIgniter.php(832): App\Controllers\Temporalcompra->insertar('1', '1', '6251f591654a0')
#3 C:\xampp\htdocs\cafeteria\system\CodeIgniter.php(419): CodeIgniter\CodeIgniter->runController(Object(App\Controllers\Temporalcompra))
#4 C:\xampp\htdocs\cafeteria\system\CodeIgniter.php(326): CodeIgniter\CodeIgniter->handleRequest(NULL, Object(Config\Cache), false)
#5 C:\xampp\htdocs\cafeteria\public\index.php(37): CodeIgniter\CodeIgniter->run()
#6 {main}
CRITICAL - 2022-04-09 16:11:48 --> Call to undefined method App\Controllers\Temporalcompra::cargarProductos()
#0 C:\xampp\htdocs\cafeteria\system\CodeIgniter.php(832): App\Controllers\Temporalcompra->insertar('1', '1', '6251f68c54b18')
#1 C:\xampp\htdocs\cafeteria\system\CodeIgniter.php(419): CodeIgniter\CodeIgniter->runController(Object(App\Controllers\Temporalcompra))
#2 C:\xampp\htdocs\cafeteria\system\CodeIgniter.php(326): CodeIgniter\CodeIgniter->handleRequest(NULL, Object(Config\Cache), false)
#3 C:\xampp\htdocs\cafeteria\public\index.php(37): CodeIgniter\CodeIgniter->run()
#4 {main}
CRITICAL - 2022-04-09 16:32:58 --> Object of class stdClass could not be converted to string
#0 C:\xampp\htdocs\cafeteria\system\CodeIgniter.php(832): App\Controllers\Temporalcompra->insertar('1', 2, '6251faf49f165')
#1 C:\xampp\htdocs\cafeteria\system\CodeIgniter.php(419): CodeIgniter\CodeIgniter->runController(Object(App\Controllers\Temporalcompra))
#2 C:\xampp\htdocs\cafeteria\system\CodeIgniter.php(326): CodeIgniter\CodeIgniter->handleRequest(NULL, Object(Config\Cache), false)
#3 C:\xampp\htdocs\cafeteria\public\index.php(37): CodeIgniter\CodeIgniter->run()
#4 {main}
CRITICAL - 2022-04-09 16:33:04 --> Object of class stdClass could not be converted to string
#0 C:\xampp\htdocs\cafeteria\system\CodeIgniter.php(832): App\Controllers\Temporalcompra->insertar('1', 2, '6251faf49f165')
#1 C:\xampp\htdocs\cafeteria\system\CodeIgniter.php(419): CodeIgniter\CodeIgniter->runController(Object(App\Controllers\Temporalcompra))
#2 C:\xampp\htdocs\cafeteria\system\CodeIgniter.php(326): CodeIgniter\CodeIgniter->handleRequest(NULL, Object(Config\Cache), false)
#3 C:\xampp\htdocs\cafeteria\public\index.php(37): CodeIgniter\CodeIgniter->run()
#4 {main}
CRITICAL - 2022-04-09 16:53:05 --> Too few arguments to function App\Controllers\Temporalcompra::insertar(), 3 passed in C:\xampp\htdocs\cafeteria\system\CodeIgniter.php on line 832 and exactly 4 expected
#0 C:\xampp\htdocs\cafeteria\system\CodeIgniter.php(832): App\Controllers\Temporalcompra->insertar('1', '1', '6252003d319bd')
#1 C:\xampp\htdocs\cafeteria\system\CodeIgniter.php(419): CodeIgniter\CodeIgniter->runController(Object(App\Controllers\Temporalcompra))
#2 C:\xampp\htdocs\cafeteria\system\CodeIgniter.php(326): CodeIgniter\CodeIgniter->handleRequest(NULL, Object(Config\Cache), false)
#3 C:\xampp\htdocs\cafeteria\public\index.php(37): CodeIgniter\CodeIgniter->run()
#4 {main}
CRITICAL - 2022-04-09 16:53:07 --> Too few arguments to function App\Controllers\Temporalcompra::insertar(), 3 passed in C:\xampp\htdocs\cafeteria\system\CodeIgniter.php on line 832 and exactly 4 expected
#0 C:\xampp\htdocs\cafeteria\system\CodeIgniter.php(832): App\Controllers\Temporalcompra->insertar('1', '1', '6252003d319bd')
#1 C:\xampp\htdocs\cafeteria\system\CodeIgniter.php(419): CodeIgniter\CodeIgniter->runController(Object(App\Controllers\Temporalcompra))
#2 C:\xampp\htdocs\cafeteria\system\CodeIgniter.php(326): CodeIgniter\CodeIgniter->handleRequest(NULL, Object(Config\Cache), false)
#3 C:\xampp\htdocs\cafeteria\public\index.php(37): CodeIgniter\CodeIgniter->run()
#4 {main}
CRITICAL - 2022-04-09 16:56:56 --> syntax error, unexpected ')', expecting variable (T_VARIABLE)
#0 C:\xampp\htdocs\cafeteria\system\Router\Router.php(175): CodeIgniter\Router\Router->autoRoute('Temporalcompra/...')
#1 C:\xampp\htdocs\cafeteria\system\CodeIgniter.php(726): CodeIgniter\Router\Router->handle('Temporalcompra/...')
#2 C:\xampp\htdocs\cafeteria\system\CodeIgniter.php(368): CodeIgniter\CodeIgniter->tryToRouteIt(Object(CodeIgniter\Router\RouteCollection))
#3 C:\xampp\htdocs\cafeteria\system\CodeIgniter.php(326): CodeIgniter\CodeIgniter->handleRequest(NULL, Object(Config\Cache), false)
#4 C:\xampp\htdocs\cafeteria\public\index.php(37): CodeIgniter\CodeIgniter->run()
#5 {main}
CRITICAL - 2022-04-09 16:56:58 --> syntax error, unexpected ')', expecting variable (T_VARIABLE)
#0 C:\xampp\htdocs\cafeteria\system\Router\Router.php(175): CodeIgniter\Router\Router->autoRoute('Temporalcompra/...')
#1 C:\xampp\htdocs\cafeteria\system\CodeIgniter.php(726): CodeIgniter\Router\Router->handle('Temporalcompra/...')
#2 C:\xampp\htdocs\cafeteria\system\CodeIgniter.php(368): CodeIgniter\CodeIgniter->tryToRouteIt(Object(CodeIgniter\Router\RouteCollection))
#3 C:\xampp\htdocs\cafeteria\system\CodeIgniter.php(326): CodeIgniter\CodeIgniter->handleRequest(NULL, Object(Config\Cache), false)
#4 C:\xampp\htdocs\cafeteria\public\index.php(37): CodeIgniter\CodeIgniter->run()
#5 {main}
CRITICAL - 2022-04-09 16:58:08 --> syntax error, unexpected ')', expecting variable (T_VARIABLE)
#0 C:\xampp\htdocs\cafeteria\system\Router\Router.php(175): CodeIgniter\Router\Router->autoRoute('Temporalcompra/...')
#1 C:\xampp\htdocs\cafeteria\system\CodeIgniter.php(726): CodeIgniter\Router\Router->handle('Temporalcompra/...')
#2 C:\xampp\htdocs\cafeteria\system\CodeIgniter.php(368): CodeIgniter\CodeIgniter->tryToRouteIt(Object(CodeIgniter\Router\RouteCollection))
#3 C:\xampp\htdocs\cafeteria\system\CodeIgniter.php(326): CodeIgniter\CodeIgniter->handleRequest(NULL, Object(Config\Cache), false)
#4 C:\xampp\htdocs\cafeteria\public\index.php(37): CodeIgniter\CodeIgniter->run()
#5 {main}
CRITICAL - 2022-04-09 16:58:38 --> Object of class stdClass could not be converted to string
#0 C:\xampp\htdocs\cafeteria\system\CodeIgniter.php(832): App\Controllers\Temporalcompra->insertar('1', 2, '62520187ee264')
#1 C:\xampp\htdocs\cafeteria\system\CodeIgniter.php(419): CodeIgniter\CodeIgniter->runController(Object(App\Controllers\Temporalcompra))
#2 C:\xampp\htdocs\cafeteria\system\CodeIgniter.php(326): CodeIgniter\CodeIgniter->handleRequest(NULL, Object(Config\Cache), false)
#3 C:\xampp\htdocs\cafeteria\public\index.php(37): CodeIgniter\CodeIgniter->run()
#4 {main}
CRITICAL - 2022-04-09 16:58:40 --> Object of class stdClass could not be converted to string
#0 C:\xampp\htdocs\cafeteria\system\CodeIgniter.php(832): App\Controllers\Temporalcompra->insertar('1', 2, '62520187ee264')
#1 C:\xampp\htdocs\cafeteria\system\CodeIgniter.php(419): CodeIgniter\CodeIgniter->runController(Object(App\Controllers\Temporalcompra))
#2 C:\xampp\htdocs\cafeteria\system\CodeIgniter.php(326): CodeIgniter\CodeIgniter->handleRequest(NULL, Object(Config\Cache), false)
#3 C:\xampp\htdocs\cafeteria\public\index.php(37): CodeIgniter\CodeIgniter->run()
#4 {main}
CRITICAL - 2022-04-09 16:58:40 --> Object of class stdClass could not be converted to string
#0 C:\xampp\htdocs\cafeteria\system\CodeIgniter.php(832): App\Controllers\Temporalcompra->insertar('1', 2, '62520187ee264')
#1 C:\xampp\htdocs\cafeteria\system\CodeIgniter.php(419): CodeIgniter\CodeIgniter->runController(Object(App\Controllers\Temporalcompra))
#2 C:\xampp\htdocs\cafeteria\system\CodeIgniter.php(326): CodeIgniter\CodeIgniter->handleRequest(NULL, Object(Config\Cache), false)
#3 C:\xampp\htdocs\cafeteria\public\index.php(37): CodeIgniter\CodeIgniter->run()
#4 {main}
CRITICAL - 2022-04-09 17:00:24 --> Object of class stdClass could not be converted to string
#0 C:\xampp\htdocs\cafeteria\system\CodeIgniter.php(832): App\Controllers\Temporalcompra->insertar('1', 2, '625201df9c567')
#1 C:\xampp\htdocs\cafeteria\system\CodeIgniter.php(419): CodeIgniter\CodeIgniter->runController(Object(App\Controllers\Temporalcompra))
#2 C:\xampp\htdocs\cafeteria\system\CodeIgniter.php(326): CodeIgniter\CodeIgniter->handleRequest(NULL, Object(Config\Cache), false)
#3 C:\xampp\htdocs\cafeteria\public\index.php(37): CodeIgniter\CodeIgniter->run()
#4 {main}
CRITICAL - 2022-04-09 17:12:02 --> Call to undefined method App\Controllers\Temporalcompra::number_format()
#0 C:\xampp\htdocs\cafeteria\system\CodeIgniter.php(832): App\Controllers\Temporalcompra->insertar('1', '1', '625204ac5045d')
#1 C:\xampp\htdocs\cafeteria\system\CodeIgniter.php(419): CodeIgniter\CodeIgniter->runController(Object(App\Controllers\Temporalcompra))
#2 C:\xampp\htdocs\cafeteria\system\CodeIgniter.php(326): CodeIgniter\CodeIgniter->handleRequest(NULL, Object(Config\Cache), false)
#3 C:\xampp\htdocs\cafeteria\public\index.php(37): CodeIgniter\CodeIgniter->run()
#4 {main}
CRITICAL - 2022-04-09 17:12:06 --> Object of class stdClass could not be converted to string
#0 C:\xampp\htdocs\cafeteria\system\CodeIgniter.php(832): App\Controllers\Temporalcompra->insertar('1', 3, '625204ac5045d')
#1 C:\xampp\htdocs\cafeteria\system\CodeIgniter.php(419): CodeIgniter\CodeIgniter->runController(Object(App\Controllers\Temporalcompra))
#2 C:\xampp\htdocs\cafeteria\system\CodeIgniter.php(326): CodeIgniter\CodeIgniter->handleRequest(NULL, Object(Config\Cache), false)
#3 C:\xampp\htdocs\cafeteria\public\index.php(37): CodeIgniter\CodeIgniter->run()
#4 {main}
CRITICAL - 2022-04-09 17:12:07 --> Object of class stdClass could not be converted to string
#0 C:\xampp\htdocs\cafeteria\system\CodeIgniter.php(832): App\Controllers\Temporalcompra->insertar('1', 3, '625204ac5045d')
#1 C:\xampp\htdocs\cafeteria\system\CodeIgniter.php(419): CodeIgniter\CodeIgniter->runController(Object(App\Controllers\Temporalcompra))
#2 C:\xampp\htdocs\cafeteria\system\CodeIgniter.php(326): CodeIgniter\CodeIgniter->handleRequest(NULL, Object(Config\Cache), false)
#3 C:\xampp\htdocs\cafeteria\public\index.php(37): CodeIgniter\CodeIgniter->run()
#4 {main}
CRITICAL - 2022-04-09 17:12:07 --> Object of class stdClass could not be converted to string
#0 C:\xampp\htdocs\cafeteria\system\CodeIgniter.php(832): App\Controllers\Temporalcompra->insertar('1', 3, '625204ac5045d')
#1 C:\xampp\htdocs\cafeteria\system\CodeIgniter.php(419): CodeIgniter\CodeIgniter->runController(Object(App\Controllers\Temporalcompra))
#2 C:\xampp\htdocs\cafeteria\system\CodeIgniter.php(326): CodeIgniter\CodeIgniter->handleRequest(NULL, Object(Config\Cache), false)
#3 C:\xampp\htdocs\cafeteria\public\index.php(37): CodeIgniter\CodeIgniter->run()
#4 {main}
CRITICAL - 2022-04-09 17:12:38 --> Object of class stdClass could not be converted to string
#0 C:\xampp\htdocs\cafeteria\system\CodeIgniter.php(832): App\Controllers\Temporalcompra->insertar('1', 4, '625204cd322c4')
#1 C:\xampp\htdocs\cafeteria\system\CodeIgniter.php(419): CodeIgniter\CodeIgniter->runController(Object(App\Controllers\Temporalcompra))
#2 C:\xampp\htdocs\cafeteria\system\CodeIgniter.php(326): CodeIgniter\CodeIgniter->handleRequest(NULL, Object(Config\Cache), false)
#3 C:\xampp\htdocs\cafeteria\public\index.php(37): CodeIgniter\CodeIgniter->run()
#4 {main}
CRITICAL - 2022-04-09 17:12:42 --> Object of class stdClass could not be converted to string
#0 C:\xampp\htdocs\cafeteria\system\CodeIgniter.php(832): App\Controllers\Temporalcompra->insertar('1', 4, '625204cd322c4')
#1 C:\xampp\htdocs\cafeteria\system\CodeIgniter.php(419): CodeIgniter\CodeIgniter->runController(Object(App\Controllers\Temporalcompra))
#2 C:\xampp\htdocs\cafeteria\system\CodeIgniter.php(326): CodeIgniter\CodeIgniter->handleRequest(NULL, Object(Config\Cache), false)
#3 C:\xampp\htdocs\cafeteria\public\index.php(37): CodeIgniter\CodeIgniter->run()
#4 {main}
CRITICAL - 2022-04-09 17:12:46 --> Object of class stdClass could not be converted to string
#0 C:\xampp\htdocs\cafeteria\system\CodeIgniter.php(832): App\Controllers\Temporalcompra->insertar('1', 3, '625204cd322c4')
#1 C:\xampp\htdocs\cafeteria\system\CodeIgniter.php(419): CodeIgniter\CodeIgniter->runController(Object(App\Controllers\Temporalcompra))
#2 C:\xampp\htdocs\cafeteria\system\CodeIgniter.php(326): CodeIgniter\CodeIgniter->handleRequest(NULL, Object(Config\Cache), false)
#3 C:\xampp\htdocs\cafeteria\public\index.php(37): CodeIgniter\CodeIgniter->run()
#4 {main}
CRITICAL - 2022-04-09 17:13:29 --> Object of class stdClass could not be converted to string
#0 C:\xampp\htdocs\cafeteria\system\CodeIgniter.php(832): App\Controllers\Temporalcompra->insertar('3', 2, '625204e80a96c')
#1 C:\xampp\htdocs\cafeteria\system\CodeIgniter.php(419): CodeIgniter\CodeIgniter->runController(Object(App\Controllers\Temporalcompra))
#2 C:\xampp\htdocs\cafeteria\system\CodeIgniter.php(326): CodeIgniter\CodeIgniter->handleRequest(NULL, Object(Config\Cache), false)
#3 C:\xampp\htdocs\cafeteria\public\index.php(37): CodeIgniter\CodeIgniter->run()
#4 {main}
CRITICAL - 2022-04-09 17:13:31 --> Object of class stdClass could not be converted to string
#0 C:\xampp\htdocs\cafeteria\system\CodeIgniter.php(832): App\Controllers\Temporalcompra->insertar('3', 2, '625204e80a96c')
#1 C:\xampp\htdocs\cafeteria\system\CodeIgniter.php(419): CodeIgniter\CodeIgniter->runController(Object(App\Controllers\Temporalcompra))
#2 C:\xampp\htdocs\cafeteria\system\CodeIgniter.php(326): CodeIgniter\CodeIgniter->handleRequest(NULL, Object(Config\Cache), false)
#3 C:\xampp\htdocs\cafeteria\public\index.php(37): CodeIgniter\CodeIgniter->run()
#4 {main}
CRITICAL - 2022-04-09 17:13:33 --> Object of class stdClass could not be converted to string
#0 C:\xampp\htdocs\cafeteria\system\CodeIgniter.php(832): App\Controllers\Temporalcompra->insertar('3', 2, '625204e80a96c')
#1 C:\xampp\htdocs\cafeteria\system\CodeIgniter.php(419): CodeIgniter\CodeIgniter->runController(Object(App\Controllers\Temporalcompra))
#2 C:\xampp\htdocs\cafeteria\system\CodeIgniter.php(326): CodeIgniter\CodeIgniter->handleRequest(NULL, Object(Config\Cache), false)
#3 C:\xampp\htdocs\cafeteria\public\index.php(37): CodeIgniter\CodeIgniter->run()
#4 {main}
CRITICAL - 2022-04-09 17:13:34 --> Object of class stdClass could not be converted to string
#0 C:\xampp\htdocs\cafeteria\system\CodeIgniter.php(832): App\Controllers\Temporalcompra->insertar('3', 2, '625204e80a96c')
#1 C:\xampp\htdocs\cafeteria\system\CodeIgniter.php(419): CodeIgniter\CodeIgniter->runController(Object(App\Controllers\Temporalcompra))
#2 C:\xampp\htdocs\cafeteria\system\CodeIgniter.php(326): CodeIgniter\CodeIgniter->handleRequest(NULL, Object(Config\Cache), false)
#3 C:\xampp\htdocs\cafeteria\public\index.php(37): CodeIgniter\CodeIgniter->run()
#4 {main}
CRITICAL - 2022-04-09 17:13:35 --> Object of class stdClass could not be converted to string
#0 C:\xampp\htdocs\cafeteria\system\CodeIgniter.php(832): App\Controllers\Temporalcompra->insertar('3', 2, '625204e80a96c')
#1 C:\xampp\htdocs\cafeteria\system\CodeIgniter.php(419): CodeIgniter\CodeIgniter->runController(Object(App\Controllers\Temporalcompra))
#2 C:\xampp\htdocs\cafeteria\system\CodeIgniter.php(326): CodeIgniter\CodeIgniter->handleRequest(NULL, Object(Config\Cache), false)
#3 C:\xampp\htdocs\cafeteria\public\index.php(37): CodeIgniter\CodeIgniter->run()
#4 {main}
CRITICAL - 2022-04-09 17:13:35 --> Object of class stdClass could not be converted to string
#0 C:\xampp\htdocs\cafeteria\system\CodeIgniter.php(832): App\Controllers\Temporalcompra->insertar('3', 2, '625204e80a96c')
#1 C:\xampp\htdocs\cafeteria\system\CodeIgniter.php(419): CodeIgniter\CodeIgniter->runController(Object(App\Controllers\Temporalcompra))
#2 C:\xampp\htdocs\cafeteria\system\CodeIgniter.php(326): CodeIgniter\CodeIgniter->handleRequest(NULL, Object(Config\Cache), false)
#3 C:\xampp\htdocs\cafeteria\public\index.php(37): CodeIgniter\CodeIgniter->run()
#4 {main}
CRITICAL - 2022-04-09 18:04:06 --> Invalid file: tables.php
#0 C:\xampp\htdocs\cafeteria\system\View\View.php(198): CodeIgniter\Exceptions\FrameworkException::forInvalidFile('tables.php')
#1 C:\xampp\htdocs\cafeteria\system\Common.php(1089): CodeIgniter\View\View->render('tables', Array, true)
#2 C:\xampp\htdocs\cafeteria\app\Controllers\Home.php(10): view('tables')
#3 C:\xampp\htdocs\cafeteria\system\CodeIgniter.php(832): App\Controllers\Home->index()
#4 C:\xampp\htdocs\cafeteria\system\CodeIgniter.php(419): CodeIgniter\CodeIgniter->runController(Object(App\Controllers\Home))
#5 C:\xampp\htdocs\cafeteria\system\CodeIgniter.php(326): CodeIgniter\CodeIgniter->handleRequest(NULL, Object(Config\Cache), false)
#6 C:\xampp\htdocs\cafeteria\public\index.php(37): CodeIgniter\CodeIgniter->run()
#7 {main}
CRITICAL - 2022-04-09 18:04:56 --> Invalid file: producto/productos.php
#0 C:\xampp\htdocs\cafeteria\system\View\View.php(198): CodeIgniter\Exceptions\FrameworkException::forInvalidFile('producto/produc...')
#1 C:\xampp\htdocs\cafeteria\system\Common.php(1089): CodeIgniter\View\View->render('producto/produc...', Array, true)
#2 C:\xampp\htdocs\cafeteria\app\Controllers\Home.php(10): view('producto/produc...')
#3 C:\xampp\htdocs\cafeteria\system\CodeIgniter.php(832): App\Controllers\Home->index()
#4 C:\xampp\htdocs\cafeteria\system\CodeIgniter.php(419): CodeIgniter\CodeIgniter->runController(Object(App\Controllers\Home))
#5 C:\xampp\htdocs\cafeteria\system\CodeIgniter.php(326): CodeIgniter\CodeIgniter->handleRequest(NULL, Object(Config\Cache), false)
#6 C:\xampp\htdocs\cafeteria\public\index.php(37): CodeIgniter\CodeIgniter->run()
#7 {main}
CRITICAL - 2022-04-09 18:05:28 --> Invalid file: producto/productos.php
#0 C:\xampp\htdocs\cafeteria\system\View\View.php(198): CodeIgniter\Exceptions\FrameworkException::forInvalidFile('producto/produc...')
#1 C:\xampp\htdocs\cafeteria\system\Common.php(1089): CodeIgniter\View\View->render('producto/produc...', Array, true)
#2 C:\xampp\htdocs\cafeteria\app\Controllers\Home.php(10): view('producto/produc...')
#3 C:\xampp\htdocs\cafeteria\system\CodeIgniter.php(832): App\Controllers\Home->index()
#4 C:\xampp\htdocs\cafeteria\system\CodeIgniter.php(419): CodeIgniter\CodeIgniter->runController(Object(App\Controllers\Home))
#5 C:\xampp\htdocs\cafeteria\system\CodeIgniter.php(326): CodeIgniter\CodeIgniter->handleRequest(NULL, Object(Config\Cache), false)
#6 C:\xampp\htdocs\cafeteria\public\index.php(37): CodeIgniter\CodeIgniter->run()
#7 {main}
CRITICAL - 2022-04-09 18:05:46 --> Undefined variable: titulo
#0 C:\xampp\htdocs\cafeteria\app\Views\productos\productos.php(4): CodeIgniter\Debug\Exceptions->errorHandler(8, 'Undefined varia...', 'C:\\xampp\\htdocs...', 4, Array)
#1 C:\xampp\htdocs\cafeteria\system\View\View.php(210): include('C:\\xampp\\htdocs...')
#2 C:\xampp\htdocs\cafeteria\system\View\View.php(213): CodeIgniter\View\View->CodeIgniter\View\{closure}()
#3 C:\xampp\htdocs\cafeteria\system\Common.php(1089): CodeIgniter\View\View->render('productos/produ...', Array, true)
#4 C:\xampp\htdocs\cafeteria\app\Controllers\Home.php(10): view('productos/produ...')
#5 C:\xampp\htdocs\cafeteria\system\CodeIgniter.php(832): App\Controllers\Home->index()
#6 C:\xampp\htdocs\cafeteria\system\CodeIgniter.php(419): CodeIgniter\CodeIgniter->runController(Object(App\Controllers\Home))
#7 C:\xampp\htdocs\cafeteria\system\CodeIgniter.php(326): CodeIgniter\CodeIgniter->handleRequest(NULL, Object(Config\Cache), false)
#8 C:\xampp\htdocs\cafeteria\public\index.php(37): CodeIgniter\CodeIgniter->run()
#9 {main}
CRITICAL - 2022-04-09 18:06:37 --> Undefined property: App\Controllers\Home::$productos
#0 C:\xampp\htdocs\cafeteria\app\Controllers\Home.php(14): CodeIgniter\Debug\Exceptions->errorHandler(8, 'Undefined prope...', 'C:\\xampp\\htdocs...', 14, Array)
#1 C:\xampp\htdocs\cafeteria\system\CodeIgniter.php(832): App\Controllers\Home->index()
#2 C:\xampp\htdocs\cafeteria\system\CodeIgniter.php(419): CodeIgniter\CodeIgniter->runController(Object(App\Controllers\Home))
#3 C:\xampp\htdocs\cafeteria\system\CodeIgniter.php(326): CodeIgniter\CodeIgniter->handleRequest(NULL, Object(Config\Cache), false)
#4 C:\xampp\htdocs\cafeteria\public\index.php(37): CodeIgniter\CodeIgniter->run()
#5 {main}
CRITICAL - 2022-04-09 18:07:03 --> Undefined variable: estado
#0 C:\xampp\htdocs\cafeteria\app\Controllers\Home.php(19): CodeIgniter\Debug\Exceptions->errorHandler(8, 'Undefined varia...', 'C:\\xampp\\htdocs...', 19, Array)
#1 C:\xampp\htdocs\cafeteria\system\CodeIgniter.php(832): App\Controllers\Home->index()
#2 C:\xampp\htdocs\cafeteria\system\CodeIgniter.php(419): CodeIgniter\CodeIgniter->runController(Object(App\Controllers\Home))
#3 C:\xampp\htdocs\cafeteria\system\CodeIgniter.php(326): CodeIgniter\CodeIgniter->handleRequest(NULL, Object(Config\Cache), false)
#4 C:\xampp\htdocs\cafeteria\public\index.php(37): CodeIgniter\CodeIgniter->run()
#5 {main}
CRITICAL - 2022-04-09 18:07:40 --> Undefined variable: estado
#0 C:\xampp\htdocs\cafeteria\app\Controllers\Home.php(21): CodeIgniter\Debug\Exceptions->errorHandler(8, 'Undefined varia...', 'C:\\xampp\\htdocs...', 21, Array)
#1 C:\xampp\htdocs\cafeteria\system\CodeIgniter.php(832): App\Controllers\Home->index()
#2 C:\xampp\htdocs\cafeteria\system\CodeIgniter.php(419): CodeIgniter\CodeIgniter->runController(Object(App\Controllers\Home))
#3 C:\xampp\htdocs\cafeteria\system\CodeIgniter.php(326): CodeIgniter\CodeIgniter->handleRequest(NULL, Object(Config\Cache), false)
#4 C:\xampp\htdocs\cafeteria\public\index.php(37): CodeIgniter\CodeIgniter->run()
#5 {main}
CRITICAL - 2022-04-09 18:08:23 --> Undefined variable: estado
#0 C:\xampp\htdocs\cafeteria\app\Controllers\Home.php(24): CodeIgniter\Debug\Exceptions->errorHandler(8, 'Undefined varia...', 'C:\\xampp\\htdocs...', 24, Array)
#1 C:\xampp\htdocs\cafeteria\system\CodeIgniter.php(832): App\Controllers\Home->index()
#2 C:\xampp\htdocs\cafeteria\system\CodeIgniter.php(419): CodeIgniter\CodeIgniter->runController(Object(App\Controllers\Home))
#3 C:\xampp\htdocs\cafeteria\system\CodeIgniter.php(326): CodeIgniter\CodeIgniter->handleRequest(NULL, Object(Config\Cache), false)
#4 C:\xampp\htdocs\cafeteria\public\index.php(37): CodeIgniter\CodeIgniter->run()
#5 {main}
